<?xml version="1.0" encoding="UTF-8"?>
<!-- Generated by org.testng.reporters.JUnitReportReporter -->
<testsuite hostname="LAPTOP-1FMJT3B1" failures="0" tests="1" name="testcase.TestClass" time="20.296" errors="0" timestamp="2024-02-11T23:35:21 IST" skipped="0">
  <testcase classname="testcase.TestClass" name="test" time="20.296"/>
  <system-out/>
</testsuite> <!-- testcase.TestClass -->
